This is pdfTeX, Version 3.141592653-2.6-1.40.29 (TeX Live 2026) (preloaded format=pdflatex 2026.4.11)  23 JUN 2026 12:04
entering extended mode
 restricted \write18 enabled.
 %&-line parsing enabled.
**genomicrecursiveformer.tex
(./genomicrecursiveformer.tex
LaTeX2e <2025-11-01>
L3 programming layer <2026-03-20>
(/home/tirtho/.TinyTeX/texmf-dist/tex/latex/base/article.cls
Document Class: article 2025/01/22 v1.4n Standard LaTeX document class
(/home/tirtho/.TinyTeX/texmf-dist/tex/latex/base/size10.clo
File: size10.clo 2025/01/22 v1.4n Standard LaTeX file (size option)
)
\c@part=\count275
\c@section=\count276
\c@subsection=\count277
\c@subsubsection=\count278
\c@paragraph=\count279
\c@subparagraph=\count280
\c@figure=\count281
\c@table=\count282
\abovecaptionskip=\skip49
\belowcaptionskip=\skip50
\bibindent=\dimen150
) (./aaai.sty
Conference Style for AAAI for LaTeX 2e -- version of 1 December 2013
\titlebox=\skip51
) (/home/tirtho/.TinyTeX/texmf-dist/tex/latex/psnfss/times.sty
Package: times 2020/03/25 PSNFSS-v9.3 (SPQR) 
) (/home/tirtho/.TinyTeX/texmf-dist/tex/latex/psnfss/helvet.sty
Package: helvet 2020/03/25 PSNFSS-v9.3 (WaS) 
 (/home/tirtho/.TinyTeX/texmf-dist/tex/latex/graphics/keyval.sty
Package: keyval 2022/05/29 v1.15 key=value parser (DPC)
\KV@toks@=\toks17
)) (/home/tirtho/.TinyTeX/texmf-dist/tex/latex/psnfss/courier.sty
Package: courier 2020/03/25 PSNFSS-v9.3 (WaS) 
) (/home/tirtho/.TinyTeX/texmf-dist/tex/latex/booktabs/booktabs.sty
Package: booktabs 2020/01/12 v1.61803398 Publication quality tables
\heavyrulewidth=\dimen151
\lightrulewidth=\dimen152
\cmidrulewidth=\dimen153
\belowrulesep=\dimen154
\belowbottomsep=\dimen155
\aboverulesep=\dimen156
\abovetopsep=\dimen157
\cmidrulesep=\dimen158
\cmidrulekern=\dimen159
\defaultaddspace=\dimen160
\@cmidla=\count283
\@cmidlb=\count284
\@aboverulesep=\dimen161
\@belowrulesep=\dimen162
\@thisruleclass=\count285
\@lastruleclass=\count286
\@thisrulewidth=\dimen163
) (/home/tirtho/.TinyTeX/texmf-dist/tex/latex/amsmath/amsmath.sty
Package: amsmath 2025/07/09 v2.17z AMS math features
\@mathmargin=\skip52

For additional information on amsmath, use the `?' option.
(/home/tirtho/.TinyTeX/texmf-dist/tex/latex/amsmath/amstext.sty
Package: amstext 2024/11/17 v2.01 AMS text
 (/home/tirtho/.TinyTeX/texmf-dist/tex/latex/amsmath/amsgen.sty
File: amsgen.sty 1999/11/30 v2.0 generic functions
\@emptytoks=\toks18
\ex@=\dimen164
)) (/home/tirtho/.TinyTeX/texmf-dist/tex/latex/amsmath/amsbsy.sty
Package: amsbsy 1999/11/29 v1.2d Bold Symbols
\pmbraise@=\dimen165
) (/home/tirtho/.TinyTeX/texmf-dist/tex/latex/amsmath/amsopn.sty
Package: amsopn 2022/04/08 v2.04 operator names
)
\inf@bad=\count287
LaTeX Info: Redefining \frac on input line 233.
\uproot@=\count288
\leftroot@=\count289
LaTeX Info: Redefining \overline on input line 398.
LaTeX Info: Redefining \colon on input line 409.
\classnum@=\count290
\DOTSCASE@=\count291
LaTeX Info: Redefining \ldots on input line 495.
LaTeX Info: Redefining \dots on input line 498.
LaTeX Info: Redefining \cdots on input line 619.
\Mathstrutbox@=\box53
\strutbox@=\box54
LaTeX Info: Redefining \big on input line 721.
LaTeX Info: Redefining \Big on input line 722.
LaTeX Info: Redefining \bigg on input line 723.
LaTeX Info: Redefining \Bigg on input line 724.
\big@size=\dimen166
LaTeX Font Info:    Redeclaring font encoding OML on input line 742.
LaTeX Font Info:    Redeclaring font encoding OMS on input line 743.
\macc@depth=\count292
LaTeX Info: Redefining \bmod on input line 904.
LaTeX Info: Redefining \pmod on input line 909.
LaTeX Info: Redefining \smash on input line 939.
LaTeX Info: Redefining \relbar on input line 969.
LaTeX Info: Redefining \Relbar on input line 970.
\c@MaxMatrixCols=\count293
\dotsspace@=\muskip17
\c@parentequation=\count294
\dspbrk@lvl=\count295
\tag@help=\toks19
\row@=\count296
\column@=\count297
\maxfields@=\count298
\andhelp@=\toks20
\eqnshift@=\dimen167
\alignsep@=\dimen168
\tagshift@=\dimen169
\tagwidth@=\dimen170
\totwidth@=\dimen171
\lineht@=\dimen172
\@envbody=\toks21
\multlinegap=\skip53
\multlinetaggap=\skip54
\mathdisplay@stack=\toks22
LaTeX Info: Redefining \[ on input line 2950.
LaTeX Info: Redefining \] on input line 2951.
) (/home/tirtho/.TinyTeX/texmf-dist/tex/latex/amsfonts/amssymb.sty
Package: amssymb 2013/01/14 v3.01 AMS font symbols
 (/home/tirtho/.TinyTeX/texmf-dist/tex/latex/amsfonts/amsfonts.sty
Package: amsfonts 2013/01/14 v3.01 Basic AMSFonts support
\symAMSa=\mathgroup4
\symAMSb=\mathgroup5
LaTeX Font Info:    Redeclaring math symbol \hbar on input line 98.
LaTeX Font Info:    Overwriting math alphabet `\mathfrak' in version `bold'
(Font)                  U/euf/m/n --> U/euf/b/n on input line 106.
)) (/home/tirtho/.TinyTeX/texmf-dist/tex/latex/graphics/graphicx.sty
Package: graphicx 2024/12/31 v1.2e Enhanced LaTeX Graphics (DPC,SPQR)
 (/home/tirtho/.TinyTeX/texmf-dist/tex/latex/graphics/graphics.sty
Package: graphics 2024/08/06 v1.4g Standard LaTeX Graphics (DPC,SPQR)
 (/home/tirtho/.TinyTeX/texmf-dist/tex/latex/graphics/trig.sty
Package: trig 2023/12/02 v1.11 sin cos tan (DPC)
) (/home/tirtho/.TinyTeX/texmf-dist/tex/latex/graphics-cfg/graphics.cfg
File: graphics.cfg 2016/06/04 v1.11 sample graphics configuration
)
Package graphics Info: Driver file: pdftex.def on input line 106.
 (/home/tirtho/.TinyTeX/texmf-dist/tex/latex/graphics-def/pdftex.def
File: pdftex.def 2025/09/29 v1.2d Graphics/color driver for pdftex
))
\Gin@req@height=\dimen173
\Gin@req@width=\dimen174
) (/home/tirtho/.TinyTeX/texmf-dist/tex/latex/pgf/frontendlayer/tikz.sty (/home/tirtho/.TinyTeX/texmf-dist/tex/latex/pgf/basiclayer/pgf.sty (/home/tirtho/.TinyTeX/texmf-dist/tex/latex/pgf/utilities/pgfrcs.sty (/home/tirtho/.TinyTeX/texmf-dist/tex/generic/pgf/utilities/pgfutil-common.tex
\pgfutil@everybye=\toks23
\pgfutil@tempdima=\dimen175
\pgfutil@tempdimb=\dimen176
) (/home/tirtho/.TinyTeX/texmf-dist/tex/generic/pgf/utilities/pgfutil-latex.def
\pgfutil@abb=\box55
) (/home/tirtho/.TinyTeX/texmf-dist/tex/generic/pgf/utilities/pgfrcs.code.tex (/home/tirtho/.TinyTeX/texmf-dist/tex/generic/pgf/pgf.revision.tex)
Package: pgfrcs 2025-08-29 v3.1.11a (3.1.11a)
))
Package: pgf 2025-08-29 v3.1.11a (3.1.11a)
 (/home/tirtho/.TinyTeX/texmf-dist/tex/latex/pgf/basiclayer/pgfcore.sty (/home/tirtho/.TinyTeX/texmf-dist/tex/latex/pgf/systemlayer/pgfsys.sty (/home/tirtho/.TinyTeX/texmf-dist/tex/generic/pgf/systemlayer/pgfsys.code.tex
Package: pgfsys 2025-08-29 v3.1.11a (3.1.11a)
 (/home/tirtho/.TinyTeX/texmf-dist/tex/generic/pgf/utilities/pgfkeys.code.tex
\pgfkeys@pathtoks=\toks24
\pgfkeys@temptoks=\toks25
 (/home/tirtho/.TinyTeX/texmf-dist/tex/generic/pgf/utilities/pgfkeyslibraryfiltered.code.tex
\pgfkeys@tmptoks=\toks26
))
\pgf@x=\dimen177
\pgf@y=\dimen178
\pgf@xa=\dimen179
\pgf@ya=\dimen180
\pgf@xb=\dimen181
\pgf@yb=\dimen182
\pgf@xc=\dimen183
\pgf@yc=\dimen184
\pgf@xd=\dimen185
\pgf@yd=\dimen186
\w@pgf@writea=\write3
\r@pgf@reada=\read2
\c@pgf@counta=\count299
\c@pgf@countb=\count300
\c@pgf@countc=\count301
\c@pgf@countd=\count302
\t@pgf@toka=\toks27
\t@pgf@tokb=\toks28
\t@pgf@tokc=\toks29
\pgf@sys@id@count=\count303
 (/home/tirtho/.TinyTeX/texmf-dist/tex/generic/pgf/systemlayer/pgf.cfg
File: pgf.cfg 2025-08-29 v3.1.11a (3.1.11a)
)
Driver file for pgf: pgfsys-pdftex.def
 (/home/tirtho/.TinyTeX/texmf-dist/tex/generic/pgf/systemlayer/pgfsys-pdftex.def
File: pgfsys-pdftex.def 2025-08-29 v3.1.11a (3.1.11a)
 (/home/tirtho/.TinyTeX/texmf-dist/tex/generic/pgf/systemlayer/pgfsys-common-pdf.def
File: pgfsys-common-pdf.def 2025-08-29 v3.1.11a (3.1.11a)
))) (/home/tirtho/.TinyTeX/texmf-dist/tex/generic/pgf/systemlayer/pgfsyssoftpath.code.tex
File: pgfsyssoftpath.code.tex 2025-08-29 v3.1.11a (3.1.11a)
\pgfsyssoftpath@smallbuffer@items=\count304
\pgfsyssoftpath@bigbuffer@items=\count305
) (/home/tirtho/.TinyTeX/texmf-dist/tex/generic/pgf/systemlayer/pgfsysprotocol.code.tex
File: pgfsysprotocol.code.tex 2025-08-29 v3.1.11a (3.1.11a)
)) (/home/tirtho/.TinyTeX/texmf-dist/tex/latex/xcolor/xcolor.sty
Package: xcolor 2024/09/29 v3.02 LaTeX color extensions (UK)
 (/home/tirtho/.TinyTeX/texmf-dist/tex/latex/graphics-cfg/color.cfg
File: color.cfg 2016/01/02 v1.6 sample color configuration
)
Package xcolor Info: Driver file: pdftex.def on input line 274.
 (/home/tirtho/.TinyTeX/texmf-dist/tex/latex/graphics/mathcolor.ltx)
Package xcolor Info: Model `cmy' substituted by `cmy0' on input line 1349.
Package xcolor Info: Model `hsb' substituted by `rgb' on input line 1353.
Package xcolor Info: Model `RGB' extended on input line 1365.
Package xcolor Info: Model `HTML' substituted by `rgb' on input line 1367.
Package xcolor Info: Model `Hsb' substituted by `hsb' on input line 1368.
Package xcolor Info: Model `tHsb' substituted by `hsb' on input line 1369.
Package xcolor Info: Model `HSB' substituted by `hsb' on input line 1370.
Package xcolor Info: Model `Gray' substituted by `gray' on input line 1371.
Package xcolor Info: Model `wave' substituted by `hsb' on input line 1372.
) (/home/tirtho/.TinyTeX/texmf-dist/tex/generic/pgf/basiclayer/pgfcore.code.tex
Package: pgfcore 2025-08-29 v3.1.11a (3.1.11a)
 (/home/tirtho/.TinyTeX/texmf-dist/tex/generic/pgf/math/pgfmath.code.tex (/home/tirtho/.TinyTeX/texmf-dist/tex/generic/pgf/math/pgfmathutil.code.tex) (/home/tirtho/.TinyTeX/texmf-dist/tex/generic/pgf/math/pgfmathparser.code.tex
\pgfmath@dimen=\dimen187
\pgfmath@count=\count306
\pgfmath@box=\box56
\pgfmath@toks=\toks30
\pgfmath@stack@operand=\toks31
\pgfmath@stack@operation=\toks32
) (/home/tirtho/.TinyTeX/texmf-dist/tex/generic/pgf/math/pgfmathfunctions.code.tex) (/home/tirtho/.TinyTeX/texmf-dist/tex/generic/pgf/math/pgfmathfunctions.basic.code.tex) (/home/tirtho/.TinyTeX/texmf-dist/tex/generic/pgf/math/pgfmathfunctions.trigonometric.code.tex) (/home/tirtho/.TinyTeX/texmf-dist/tex/generic/pgf/math/pgfmathfunctions.random.code.tex) (/home/tirtho/.TinyTeX/texmf-dist/tex/generic/pgf/math/pgfmathfunctions.comparison.code.tex) (/home/tirtho/.TinyTeX/texmf-dist/tex/generic/pgf/math/pgfmathfunctions.base.code.tex) (/home/tirtho/.TinyTeX/texmf-dist/tex/generic/pgf/math/pgfmathfunctions.round.code.tex) (/home/tirtho/.TinyTeX/texmf-dist/tex/generic/pgf/math/pgfmathfunctions.misc.code.tex) (/home/tirtho/.TinyTeX/texmf-dist/tex/generic/pgf/math/pgfmathfunctions.integerarithmetics.code.tex) (/home/tirtho/.TinyTeX/texmf-dist/tex/generic/pgf/math/pgfmathcalc.code.tex) (/home/tirtho/.TinyTeX/texmf-dist/tex/generic/pgf/math/pgfmathfloat.code.tex
\c@pgfmathroundto@lastzeros=\count307
)) (/home/tirtho/.TinyTeX/texmf-dist/tex/generic/pgf/math/pgfint.code.tex) (/home/tirtho/.TinyTeX/texmf-dist/tex/generic/pgf/basiclayer/pgfcorepoints.code.tex
File: pgfcorepoints.code.tex 2025-08-29 v3.1.11a (3.1.11a)
\pgf@picminx=\dimen188
\pgf@picmaxx=\dimen189
\pgf@picminy=\dimen190
\pgf@picmaxy=\dimen191
\pgf@pathminx=\dimen192
\pgf@pathmaxx=\dimen193
\pgf@pathminy=\dimen194
\pgf@pathmaxy=\dimen195
\pgf@xx=\dimen196
\pgf@xy=\dimen197
\pgf@yx=\dimen198
\pgf@yy=\dimen199
\pgf@zx=\dimen256
\pgf@zy=\dimen257
) (/home/tirtho/.TinyTeX/texmf-dist/tex/generic/pgf/basiclayer/pgfcorepathconstruct.code.tex
File: pgfcorepathconstruct.code.tex 2025-08-29 v3.1.11a (3.1.11a)
\pgf@path@lastx=\dimen258
\pgf@path@lasty=\dimen259
) (/home/tirtho/.TinyTeX/texmf-dist/tex/generic/pgf/basiclayer/pgfcorepathusage.code.tex
File: pgfcorepathusage.code.tex 2025-08-29 v3.1.11a (3.1.11a)
\pgf@shorten@end@additional=\dimen260
\pgf@shorten@start@additional=\dimen261
) (/home/tirtho/.TinyTeX/texmf-dist/tex/generic/pgf/basiclayer/pgfcorescopes.code.tex
File: pgfcorescopes.code.tex 2025-08-29 v3.1.11a (3.1.11a)
\pgfpic=\box57
\pgf@hbox=\box58
\pgf@layerbox@main=\box59
\pgf@picture@serial@count=\count308
) (/home/tirtho/.TinyTeX/texmf-dist/tex/generic/pgf/basiclayer/pgfcoregraphicstate.code.tex
File: pgfcoregraphicstate.code.tex 2025-08-29 v3.1.11a (3.1.11a)
\pgflinewidth=\dimen262
) (/home/tirtho/.TinyTeX/texmf-dist/tex/generic/pgf/basiclayer/pgfcoretransformations.code.tex
File: pgfcoretransformations.code.tex 2025-08-29 v3.1.11a (3.1.11a)
\pgf@pt@x=\dimen263
\pgf@pt@y=\dimen264
\pgf@pt@temp=\dimen265
) (/home/tirtho/.TinyTeX/texmf-dist/tex/generic/pgf/basiclayer/pgfcorequick.code.tex
File: pgfcorequick.code.tex 2025-08-29 v3.1.11a (3.1.11a)
) (/home/tirtho/.TinyTeX/texmf-dist/tex/generic/pgf/basiclayer/pgfcoreobjects.code.tex
File: pgfcoreobjects.code.tex 2025-08-29 v3.1.11a (3.1.11a)
) (/home/tirtho/.TinyTeX/texmf-dist/tex/generic/pgf/basiclayer/pgfcorepathprocessing.code.tex
File: pgfcorepathprocessing.code.tex 2025-08-29 v3.1.11a (3.1.11a)
) (/home/tirtho/.TinyTeX/texmf-dist/tex/generic/pgf/basiclayer/pgfcorearrows.code.tex
File: pgfcorearrows.code.tex 2025-08-29 v3.1.11a (3.1.11a)
\pgfarrowsep=\dimen266
) (/home/tirtho/.TinyTeX/texmf-dist/tex/generic/pgf/basiclayer/pgfcoreshade.code.tex
File: pgfcoreshade.code.tex 2025-08-29 v3.1.11a (3.1.11a)
\pgf@max=\dimen267
\pgf@sys@shading@range@num=\count309
\pgf@shadingcount=\count310
) (/home/tirtho/.TinyTeX/texmf-dist/tex/generic/pgf/basiclayer/pgfcoreimage.code.tex
File: pgfcoreimage.code.tex 2025-08-29 v3.1.11a (3.1.11a)
) (/home/tirtho/.TinyTeX/texmf-dist/tex/generic/pgf/basiclayer/pgfcoreexternal.code.tex
File: pgfcoreexternal.code.tex 2025-08-29 v3.1.11a (3.1.11a)
\pgfexternal@startupbox=\box60
) (/home/tirtho/.TinyTeX/texmf-dist/tex/generic/pgf/basiclayer/pgfcorelayers.code.tex
File: pgfcorelayers.code.tex 2025-08-29 v3.1.11a (3.1.11a)
) (/home/tirtho/.TinyTeX/texmf-dist/tex/generic/pgf/basiclayer/pgfcoretransparency.code.tex
File: pgfcoretransparency.code.tex 2025-08-29 v3.1.11a (3.1.11a)
) (/home/tirtho/.TinyTeX/texmf-dist/tex/generic/pgf/basiclayer/pgfcorepatterns.code.tex
File: pgfcorepatterns.code.tex 2025-08-29 v3.1.11a (3.1.11a)
) (/home/tirtho/.TinyTeX/texmf-dist/tex/generic/pgf/basiclayer/pgfcorerdf.code.tex
File: pgfcorerdf.code.tex 2025-08-29 v3.1.11a (3.1.11a)
))) (/home/tirtho/.TinyTeX/texmf-dist/tex/generic/pgf/modules/pgfmoduleshapes.code.tex
File: pgfmoduleshapes.code.tex 2025-08-29 v3.1.11a (3.1.11a)
\pgfnodeparttextbox=\box61
) (/home/tirtho/.TinyTeX/texmf-dist/tex/generic/pgf/modules/pgfmoduleplot.code.tex
File: pgfmoduleplot.code.tex 2025-08-29 v3.1.11a (3.1.11a)
) (/home/tirtho/.TinyTeX/texmf-dist/tex/latex/pgf/compatibility/pgfcomp-version-0-65.sty
Package: pgfcomp-version-0-65 2025-08-29 v3.1.11a (3.1.11a)
\pgf@nodesepstart=\dimen268
\pgf@nodesepend=\dimen269
) (/home/tirtho/.TinyTeX/texmf-dist/tex/latex/pgf/compatibility/pgfcomp-version-1-18.sty
Package: pgfcomp-version-1-18 2025-08-29 v3.1.11a (3.1.11a)
)) (/home/tirtho/.TinyTeX/texmf-dist/tex/latex/pgf/utilities/pgffor.sty (/home/tirtho/.TinyTeX/texmf-dist/tex/latex/pgf/utilities/pgfkeys.sty (/home/tirtho/.TinyTeX/texmf-dist/tex/generic/pgf/utilities/pgfkeys.code.tex)) (/home/tirtho/.TinyTeX/texmf-dist/tex/latex/pgf/math/pgfmath.sty (/home/tirtho/.TinyTeX/texmf-dist/tex/generic/pgf/math/pgfmath.code.tex)) (/home/tirtho/.TinyTeX/texmf-dist/tex/generic/pgf/utilities/pgffor.code.tex
Package: pgffor 2025-08-29 v3.1.11a (3.1.11a)
\pgffor@iter=\dimen270
\pgffor@skip=\dimen271
\pgffor@stack=\toks33
\pgffor@toks=\toks34
)) (/home/tirtho/.TinyTeX/texmf-dist/tex/generic/pgf/frontendlayer/tikz/tikz.code.tex
Package: tikz 2025-08-29 v3.1.11a (3.1.11a)
 (/home/tirtho/.TinyTeX/texmf-dist/tex/generic/pgf/libraries/pgflibraryplothandlers.code.tex
File: pgflibraryplothandlers.code.tex 2025-08-29 v3.1.11a (3.1.11a)
\pgf@plot@mark@count=\count311
\pgfplotmarksize=\dimen272
)
\tikz@lastx=\dimen273
\tikz@lasty=\dimen274
\tikz@lastxsaved=\dimen275
\tikz@lastysaved=\dimen276
\tikz@lastmovetox=\dimen277
\tikz@lastmovetoy=\dimen278
\tikzleveldistance=\dimen279
\tikzsiblingdistance=\dimen280
\tikz@figbox=\box62
\tikz@figbox@bg=\box63
\tikz@tempbox=\box64
\tikz@tempbox@bg=\box65
\tikztreelevel=\count312
\tikznumberofchildren=\count313
\tikznumberofcurrentchild=\count314
\tikz@fig@count=\count315
 (/home/tirtho/.TinyTeX/texmf-dist/tex/generic/pgf/modules/pgfmodulematrix.code.tex
File: pgfmodulematrix.code.tex 2025-08-29 v3.1.11a (3.1.11a)
\pgfmatrixcurrentrow=\count316
\pgfmatrixcurrentcolumn=\count317
\pgf@matrix@numberofcolumns=\count318
)
\tikz@expandcount=\count319
 (/home/tirtho/.TinyTeX/texmf-dist/tex/generic/pgf/frontendlayer/tikz/libraries/tikzlibrarytopaths.code.tex
File: tikzlibrarytopaths.code.tex 2025-08-29 v3.1.11a (3.1.11a)
))) (/home/tirtho/.TinyTeX/texmf-dist/tex/latex/fontawesome5/fontawesome5.sty (/home/tirtho/.TinyTeX/texmf-dist/tex/latex/l3kernel/expl3.sty
Package: expl3 2026-03-20 L3 programming layer (loader) 
 (/home/tirtho/.TinyTeX/texmf-dist/tex/latex/l3backend/l3backend-pdftex.def
File: l3backend-pdftex.def 2026-02-18 L3 backend support: PDF output (pdfTeX)
\l__color_backend_stack_int=\count320
))
Package: fontawesome5 2022/05/02 v5.15.4 Font Awesome 5
 (/home/tirtho/.TinyTeX/texmf-dist/tex/latex/l3packages/l3keys2e/l3keys2e.sty
Package: l3keys2e 2025-10-09 LaTeX2e option processing using LaTeX3 keys
) (/home/tirtho/.TinyTeX/texmf-dist/tex/latex/l3packages/xparse/xparse.sty
Package: xparse 2025-10-09 L3 Experimental document command parser
) (/home/tirtho/.TinyTeX/texmf-dist/tex/latex/fontawesome5/fontawesome5-generic-helper.sty
Package: fontawesome5-generic-helper 2022/05/02 v5.15.4 non-uTeX helper for fontawesome5
 (/home/tirtho/.TinyTeX/texmf-dist/tex/latex/fontawesome5/fontawesome5-mapping.def))) (/home/tirtho/.TinyTeX/texmf-dist/tex/generic/pgf/libraries/pgflibraryarrows.meta.code.tex
File: pgflibraryarrows.meta.code.tex 2025-08-29 v3.1.11a (3.1.11a)
\pgfarrowinset=\dimen281
\pgfarrowlength=\dimen282
\pgfarrowwidth=\dimen283
\pgfarrowlinewidth=\dimen284
) (/home/tirtho/.TinyTeX/texmf-dist/tex/generic/pgf/frontendlayer/tikz/libraries/tikzlibrarypositioning.code.tex
File: tikzlibrarypositioning.code.tex 2025-08-29 v3.1.11a (3.1.11a)
) (/home/tirtho/.TinyTeX/texmf-dist/tex/generic/pgf/frontendlayer/tikz/libraries/tikzlibraryfit.code.tex
File: tikzlibraryfit.code.tex 2025-08-29 v3.1.11a (3.1.11a)
) (/home/tirtho/.TinyTeX/texmf-dist/tex/generic/pgf/frontendlayer/tikz/libraries/tikzlibrarybackgrounds.code.tex
File: tikzlibrarybackgrounds.code.tex 2025-08-29 v3.1.11a (3.1.11a)
\pgf@layerbox@background=\box66
\pgf@layerboxsaved@background=\box67
) (/home/tirtho/.TinyTeX/texmf-dist/tex/generic/pgf/frontendlayer/tikz/libraries/tikzlibrarycalc.code.tex
File: tikzlibrarycalc.code.tex 2025-08-29 v3.1.11a (3.1.11a)
) (/home/tirtho/.TinyTeX/texmf-dist/tex/generic/pgf/frontendlayer/tikz/libraries/tikzlibraryshapes.geometric.code.tex
File: tikzlibraryshapes.geometric.code.tex 2025-08-29 v3.1.11a (3.1.11a)
 (/home/tirtho/.TinyTeX/texmf-dist/tex/generic/pgf/libraries/shapes/pgflibraryshapes.geometric.code.tex
File: pgflibraryshapes.geometric.code.tex 2025-08-29 v3.1.11a (3.1.11a)
))
LaTeX Font Info:    Trying to load font information for OT1+ptm on input line 36.
 (/home/tirtho/.TinyTeX/texmf-dist/tex/latex/psnfss/ot1ptm.fd
File: ot1ptm.fd 2001/06/04 font definitions for OT1/ptm.
) (./genomicrecursiveformer.aux)
\openout1 = `genomicrecursiveformer.aux'.

LaTeX Font Info:    Checking defaults for OML/cmm/m/it on input line 36.
LaTeX Font Info:    ... okay on input line 36.
LaTeX Font Info:    Checking defaults for OMS/cmsy/m/n on input line 36.
LaTeX Font Info:    ... okay on input line 36.
LaTeX Font Info:    Checking defaults for OT1/cmr/m/n on input line 36.
LaTeX Font Info:    ... okay on input line 36.
LaTeX Font Info:    Checking defaults for T1/cmr/m/n on input line 36.
LaTeX Font Info:    ... okay on input line 36.
LaTeX Font Info:    Checking defaults for TS1/cmr/m/n on input line 36.
LaTeX Font Info:    ... okay on input line 36.
LaTeX Font Info:    Checking defaults for OMX/cmex/m/n on input line 36.
LaTeX Font Info:    ... okay on input line 36.
LaTeX Font Info:    Checking defaults for U/cmr/m/n on input line 36.
LaTeX Font Info:    ... okay on input line 36.
 (/home/tirtho/.TinyTeX/texmf-dist/tex/latex/epstopdf-pkg/epstopdf-base.sty
Package: epstopdf-base 2020-01-24 v2.11 Base part for package epstopdf
Package epstopdf-base Info: Redefining graphics rule for `.eps' on input line 485.
 (/home/tirtho/.TinyTeX/texmf-dist/tex/latex/latexconfig/epstopdf-sys.cfg
File: epstopdf-sys.cfg 2010/07/13 v1.3 Configuration of (r)epstopdf for TeX Live
))
LaTeX Font Info:    Trying to load font information for U+msa on input line 37.
 (/home/tirtho/.TinyTeX/texmf-dist/tex/latex/amsfonts/umsa.fd
File: umsa.fd 2013/01/14 v3.01 AMS symbols A
)
LaTeX Font Info:    Trying to load font information for U+msb on input line 37.
 (/home/tirtho/.TinyTeX/texmf-dist/tex/latex/amsfonts/umsb.fd
File: umsb.fd 2013/01/14 v3.01 AMS symbols B
)
LaTeX Font Info:    Trying to load font information for TS1+ptm on input line 37.
 (/home/tirtho/.TinyTeX/texmf-dist/tex/latex/psnfss/ts1ptm.fd
File: ts1ptm.fd 2001/06/04 font definitions for TS1/ptm.
)
Underfull \hbox (badness 2027) in paragraph at lines 41--78
[]\OT1/ptm/m/n/9 Transformer foun-da-tion mod-els for tran-scrip-tomics
 []


Underfull \hbox (badness 1221) in paragraph at lines 41--78
\OT1/ptm/m/n/9 that (i) learns end-to-end which genes are \OT1/ptm/m/it/9 marker
 []


Underfull \hbox (badness 1248) in paragraph at lines 41--78
\OT1/ptm/m/n/9 attention \OT1/ptm/m/it/9 marker router \OT1/ptm/m/n/9 in which learn-able marker
 []


Underfull \hbox (badness 3088) in paragraph at lines 105--121
\OT1/ptm/m/n/10 Adap-tive Re-cur-sive Trans-former), a re-cur-sive marker-
 []

[1{/home/tirtho/.TinyTeX/texmf-var/fonts/map/pdftex/updmap/pdftex.map}{/home/tirtho/.TinyTeX/texmf-dist/fonts/enc/dvips/base/8r.enc}



]
Underfull \hbox (badness 2884) in paragraph at lines 201--211
 \OT1/ptm/b/n/10 Mark-ers, path-ways, and bi-o-log-i-cal pri-ors. \OT1/ptm/m/n/10 Marker-
 []

[2]
LaTeX Font Info:    Trying to load font information for U+fontawesomefree1 on input line 265.
 (/home/tirtho/.TinyTeX/texmf-dist/tex/latex/fontawesome5/ufontawesomefree1.fd)
LaTeX Font Info:    Trying to load font information for U+fontawesomefree2 on input line 265.
 (/home/tirtho/.TinyTeX/texmf-dist/tex/latex/fontawesome5/ufontawesomefree2.fd)
LaTeX Font Info:    Trying to load font information for U+fontawesomefree3 on input line 265.
 (/home/tirtho/.TinyTeX/texmf-dist/tex/latex/fontawesome5/ufontawesomefree3.fd)
LaTeX Font Info:    Trying to load font information for U+fontawesomefree0 on input line 265.
 (/home/tirtho/.TinyTeX/texmf-dist/tex/latex/fontawesome5/ufontawesomefree0.fd)
Underfull \hbox (badness 1661) in paragraph at lines 297--317
\OT1/ptm/m/n/10 in-duced points and Perceiver-style cross-attention). We
 []


Underfull \hbox (badness 2359) in paragraph at lines 297--317
\OT1/ptm/m/n/10 at-tends over the genes through a shared key pro-jec-
 []


Underfull \hbox (badness 1895) in paragraph at lines 297--317
\OT1/ptm/m/n/10 tion $\OT1/cmr/bx/n/10 k[] \OT1/cmr/m/n/10 = \OT1/cmr/bx/n/10 W[]e[]$\OT1/ptm/m/n/10 , giv-ing se-lec-tion weights $\OT1/cmr/bx/n/10 w[] \OT1/cmr/m/n/10 =
 []

LaTeX Font Info:    Trying to load font information for OT1+pcr on input line 398.
(/home/tirtho/.TinyTeX/texmf-dist/tex/latex/psnfss/ot1pcr.fd
File: ot1pcr.fd 2001/06/04 font definitions for OT1/pcr.
)
Underfull \hbox (badness 1259) in paragraph at lines 411--435
 \OT1/ptm/b/n/10 Mixture-of-Recursions over genes. \OT1/ptm/m/n/10 Spend-ing the full
 []

[3]
Underfull \hbox (badness 10000) in paragraph at lines 454--462
 \OT1/ptm/b/n/10 The prior $\OML/cmm/m/it/10 ^^Y[]$ \OT1/ptm/b/n/10 from gene-gene in-ter-ac-tions. \OT1/ptm/m/n/10 We
 []


Underfull \hbox (badness 10000) in paragraph at lines 454--462
\OT1/ptm/m/n/10 ob-tain $\OML/cmm/m/it/10 ^^Y[]$ \OT1/ptm/m/n/10 from genomap's gene-gene \OT1/ptm/m/it/10 in-ter-ac-tion
 []


Underfull \hbox (badness 10000) in paragraph at lines 454--462
\OT1/ptm/m/n/10 iden-ti-fi-ca-tion ( Is-lam and Xing 2023): genomap's
 []


Underfull \hbox (badness 10000) in paragraph at lines 454--462
\OT1/pcr/m/n/10 createInteractionMatrix \OT1/ptm/m/n/10 de-fines in-ter-ac-tion
 []


Underfull \hbox (badness 1552) in paragraph at lines 454--462
\OT1/ptm/m/n/10 sam-ples (which it then feeds to op-ti-mal trans-port for
 []


Underfull \hbox (badness 1688) in paragraph at lines 454--462
\OT1/ptm/m/n/10 split and reuse only its in-ter-ac-tion ma-trix, tak-ing the
 []

[4{/home/tirtho/.TinyTeX/texmf-dist/fonts/enc/dvips/fontawesome5/fa5free1.enc}{/home/tirtho/.TinyTeX/texmf-dist/fonts/enc/dvips/fontawesome5/fa5free2.enc}{/home/tirtho/.TinyTeX/texmf-dist/fonts/enc/dvips/fontawesome5/fa5free3.enc}{/home/tirtho/.TinyTeX/texmf-dist/fonts/enc/dvips/fontawesome5/fa5free0.enc}] [5]
Overfull \hbox (35.70027pt too wide) in paragraph at lines 549--557
 [][] 
 []


Overfull \hbox (16.68387pt too wide) in paragraph at lines 563--577
 [][] 
 []


Overfull \hbox (47.38297pt too wide) in paragraph at lines 620--633
 [][] 
 []


Underfull \hbox (badness 1412) in paragraph at lines 638--657
\OT1/ptm/m/n/10 a macro-F1 point of one an-other (fixed depth 98.4%,
 []


Underfull \hbox (badness 2894) in paragraph at lines 672--672
[]\OT1/ptm/m/n/10 Table 5: Mixture-of-Recursions rout-ing study. Expert-
 []

[6]
Overfull \hbox (40.27565pt too wide) in paragraph at lines 700--723
 [][] 
 []


Underfull \hbox (badness 1286) in paragraph at lines 723--723
\OT1/ptm/m/n/10 (macro-F1 and ac-cu-racy %, mean$\OMS/cmsy/m/n/10 ^^F$\OT1/ptm/m/n/10 std over 3 seeds).
 []


Underfull \vbox (badness 10000) has occurred while \output is active []

 [7]
Underfull \hbox (badness 2384) in paragraph at lines 857--857
[]\OT1/ptm/m/n/10 Table 9: Biology-informed rout-ing ab-la-tion (macro-F1
 []


Underfull \hbox (badness 3907) in paragraph at lines 857--857
\OT1/ptm/m/n/10 %, mean$\OMS/cmsy/m/n/10 ^^F$\OT1/ptm/m/n/10 std over seeds): the genomap gene-gene-
 []

[8]
Overfull \hbox (33.68353pt too wide) in paragraph at lines 1011--1024
 [][] 
 []

[9]
Overfull \hbox (26.84337pt too wide) in paragraph at lines 1047--1060
 [][] 
 []

[10]
Underfull \hbox (badness 1152) in paragraph at lines 1238--1253
\OT1/ptm/m/n/10 prop-erty of tran-scrip-tomic mod-els. By learn-ing marker
 []

[11] (./genomicrecursiveformer.bbl
Underfull \hbox (badness 3029) in paragraph at lines 52--56
\OT1/ptm/m/n/10 hu-man single-cell RNA se-quenc-ing data.  \OT1/ptm/m/it/10 Database
 []


Underfull \hbox (badness 7116) in paragraph at lines 178--182
[]\OT1/ptm/m/n/10 Raposo, D.; Rit-ter, S.; Richards, B.; Lil-l-i-crap, T.;
 []

[12]
Underfull \hbox (badness 3291) in paragraph at lines 244--248
[]\OT1/ptm/m/n/10 Wolf, F. A.; An-gerer, P.; and Theis, F. J.  2018.
 []


Underfull \hbox (badness 1472) in paragraph at lines 244--248
\OT1/ptm/m/n/10 SCANPY: Large-scale single-cell gene ex-pres-sion data
 []

)
Underfull \hbox (badness 1867) in paragraph at lines 1266--1270
\OT1/ptm/m/n/10 si-fi-ca-tion bench-mark of the main pa-per. Four co-horts
 []


Underfull \hbox (badness 3323) in paragraph at lines 1266--1270
\OT1/ptm/m/n/10 (breast/BRCA, head-and-neck/HNSC, lung/LUNG, thy-
 []

[13]
Underfull \hbox (badness 1158) in paragraph at lines 1346--1346
[]\OT1/ptm/m/n/10 Stage I: 966, Stage II: 886,
 []


Underfull \hbox (badness 3240) in paragraph at lines 1375--1378
\OT1/ptm/m/n/10 This ap-pendix gives the math-e-mat-i-cal and bi-o-log-i-cal
 []


Underfull \hbox (badness 3690) in paragraph at lines 1375--1378
\OT1/ptm/m/n/10 ground-ing for SMART's router, both the data-driven
 []


Overfull \hbox (24.12167pt too wide) detected at line 1396
[]\OT1/cmr/bx/n/10 z[] \OT1/cmr/m/n/10 = []\OT1/cmr/bx/n/10 W[]h[]\OML/cmm/m/it/10 ;  \OT1/cmr/bx/n/10 p[] \OT1/cmr/m/n/10 = \OML/cmm/m/it/10  []\OT1/cmr/m/n/10 (\OT1/cmr/bx/n/10 z[]\OT1/cmr/m/n/10 )\OML/cmm/m/it/10 ;  i[] \OT1/cmr/m/n/10 = [] [] \OML/cmm/m/it/10 p[];
 []

[14]
Underfull \hbox (badness 1189) in paragraph at lines 1438--1446
\OT1/ptm/m/n/10 node), where the like-li-hood alone barely sep-a-rates the
 []


Underfull \hbox (badness 2213) in paragraph at lines 1454--1462
\OT1/ptm/m/n/10 co-her-ently, which one ob-tains by smooth-ing the log-
 []

[15

] (./genomicrecursiveformer.aux)
 ***********
LaTeX2e <2025-11-01>
L3 programming layer <2026-03-20>
 ***********


LaTeX Warning: Label(s) may have changed. Rerun to get cross-references right.

 ) 
Here is how much of TeX's memory you used:
 17666 strings out of 469296
 369595 string characters out of 5465255
 800989 words of memory out of 5000000
 46176 multiletter control sequences out of 15000+600000
 664220 words of font info for 118 fonts, out of 8000000 for 9000
 36 hyphenation exceptions out of 8191
 84i,14n,104p,428b,1040s stack positions out of 10000i,1000n,20000p,200000b,200000s
</home/tirtho/.TinyTeX/texmf-dist/fonts/type1/public/fontawesome5/FontAwesome5Free-Solid.pfb></home/tirtho/.TinyTeX/texmf-dist/fonts/type1/public/amsfonts/cm/cmbx10.pfb></home/tirtho/.TinyTeX/texmf-dist/fonts/type1/public/amsfonts/cm/cmbx7.pfb></home/tirtho/.TinyTeX/texmf-dist/fonts/type1/public/amsfonts/cm/cmex10.pfb></home/tirtho/.TinyTeX/texmf-dist/fonts/type1/public/amsfonts/cm/cmmi10.pfb></home/tirtho/.TinyTeX/texmf-dist/fonts/type1/public/amsfonts/cm/cmmi5.pfb></home/tirtho/.TinyTeX/texmf-dist/fonts/type1/public/amsfonts/cm/cmmi6.pfb></home/tirtho/.TinyTeX/texmf-dist/fonts/type1/public/amsfonts/cm/cmmi7.pfb></home/tirtho/.TinyTeX/texmf-dist/fonts/type1/public/amsfonts/cm/cmmi9.pfb></home/tirtho/.TinyTeX/texmf-dist/fonts/type1/public/amsfonts/cm/cmr10.pfb></home/tirtho/.TinyTeX/texmf-dist/fonts/type1/public/amsfonts/cm/cmr5.pfb></home/tirtho/.TinyTeX/texmf-dist/fonts/type1/public/amsfonts/cm/cmr6.pfb></home/tirtho/.TinyTeX/texmf-dist/fonts/type1/public/amsfonts/cm/cmr7.pfb></home/tirtho/.TinyTeX/texmf-dist/fonts/type1/public/amsfonts/cm/cmr9.pfb></home/tirtho/.TinyTeX/texmf-dist/fonts/type1/public/amsfonts/cm/cmsy10.pfb></home/tirtho/.TinyTeX/texmf-dist/fonts/type1/public/amsfonts/cm/cmsy5.pfb></home/tirtho/.TinyTeX/texmf-dist/fonts/type1/public/amsfonts/cm/cmsy7.pfb></home/tirtho/.TinyTeX/texmf-dist/fonts/type1/public/amsfonts/cm/cmsy9.pfb></home/tirtho/.TinyTeX/texmf-dist/fonts/type1/public/amsfonts/symbols/msbm10.pfb></home/tirtho/.TinyTeX/texmf-dist/fonts/type1/public/amsfonts/symbols/msbm7.pfb></home/tirtho/.TinyTeX/texmf-dist/fonts/type1/urw/courier/ucrr8a.pfb></home/tirtho/.TinyTeX/texmf-dist/fonts/type1/urw/times/utmb8a.pfb></home/tirtho/.TinyTeX/texmf-dist/fonts/type1/urw/times/utmr8a.pfb></home/tirtho/.TinyTeX/texmf-dist/fonts/type1/urw/times/utmri8a.pfb>
Output written on genomicrecursiveformer.pdf (15 pages, 371824 bytes).
PDF statistics:
 191 PDF objects out of 1000 (max. 8388607)
 121 compressed objects within 2 object streams
 0 named destinations out of 1000 (max. 500000)
 13 words of extra memory for PDF output out of 10000 (max. 10000000)

